{"/home/jeff/dev/react/projects-react/calculadora/calc.js": {"path":"/home/jeff/dev/react/projects-react/calculadora/calc.js","statementMap":{"0":{"start":{"line":2,"column":4},"end":{"line":2,"column":19}},"1":{"start":{"line":6,"column":4},"end":{"line":6,"column":19}},"2":{"start":{"line":10,"column":4},"end":{"line":10,"column":19}},"3":{"start":{"line":14,"column":4},"end":{"line":16,"column":5}},"4":{"start":{"line":15,"column":8},"end":{"line":15,"column":17}},"5":{"start":{"line":18,"column":4},"end":{"line":18,"column":19}},"6":{"start":{"line":21,"column":0},"end":{"line":21,"column":41}}},"fnMap":{"0":{"name":"sum","decl":{"start":{"line":1,"column":9},"end":{"line":1,"column":12}},"loc":{"start":{"line":1,"column":22},"end":{"line":3,"column":1}},"line":1},"1":{"name":"sub","decl":{"start":{"line":5,"column":9},"end":{"line":5,"column":12}},"loc":{"start":{"line":5,"column":22},"end":{"line":7,"column":1}},"line":5},"2":{"name":"mult","decl":{"start":{"line":9,"column":9},"end":{"line":9,"column":13}},"loc":{"start":{"line":9,"column":23},"end":{"line":11,"column":1}},"line":9},"3":{"name":"div","decl":{"start":{"line":13,"column":9},"end":{"line":13,"column":12}},"loc":{"start":{"line":13,"column":22},"end":{"line":19,"column":1}},"line":13}},"branchMap":{"0":{"loc":{"start":{"line":14,"column":4},"end":{"line":16,"column":5}},"type":"if","locations":[{"start":{"line":14,"column":4},"end":{"line":16,"column":5}},{"start":{"line":14,"column":4},"end":{"line":16,"column":5}}],"line":14}},"s":{"0":2,"1":2,"2":2,"3":4,"4":2,"5":2,"6":1},"f":{"0":2,"1":2,"2":2,"3":4},"b":{"0":[2,2]},"_coverageSchema":"1a1c01bbd47fc00a2c39e90264f33305004495a9","hash":"f84be6537a2a87e25dcb009993a875d8cbf48581"}
}
